<?xml version="1.0" encoding="UTF-8"?>
<!-- Generated by org.testng.reporters.JUnitReportReporter -->
<testsuite hostname="LAPTOP-PH0174KN" failures="0" tests="5" name="tests.CartTest" time="66.619" errors="0" timestamp="28 Aug 2025 15:29:10 GMT" skipped="1">
  <testcase classname="tests.CartTest" name="addMultipleItemsToCart" time="30.218">
    <skipped/>
  </testcase> <!-- addMultipleItemsToCart -->
  <testcase classname="tests.CartTest" name="addMultipleItemsToCart" time="10.044"/>
  <testcase classname="tests.CartTest" name="addMultipleItemsToCartAndRemove" time="8.904"/>
  <testcase classname="tests.CartTest" name="addItemToCartTest" time="7.506"/>
  <testcase classname="tests.CartTest" name="verifyContentsOnCartandInventory" time="9.947"/>
</testsuite> <!-- tests.CartTest -->
