<?xml version="1.0" encoding="UTF-8"?>
<!-- Generated by org.testng.reporters.JUnitReportReporter -->
<testsuite hostname="LAPTOP-PH0174KN" failures="0" tests="5" name="tests.LoginTest" time="36.462" errors="0" timestamp="28 Aug 2025 15:29:10 GMT" skipped="0">
  <testcase classname="tests.LoginTest" name="LoginPageTest3" time="8.063"/>
  <testcase classname="tests.LoginTest" name="LoginPageTest2" time="7.510"/>
  <testcase classname="tests.LoginTest" name="LoginPageTest1" time="6.968"/>
  <testcase classname="tests.LoginTest" name="LoginPageTest4" time="6.815"/>
  <testcase classname="tests.LoginTest" name="LoginPageTest5" time="7.106"/>
</testsuite> <!-- tests.LoginTest -->
